<?xml version="1.0" encoding="UTF-8"?>
<!-- Generated by org.testng.reporters.JUnitReportReporter -->
<testsuite hostname="DESKTOP-FNEC2U3" failures="0" tests="1" name="githubPractice.GitPracticepract" time="0.035" errors="0" timestamp="2022-11-21T15:16:28 IST" skipped="0">
  <testcase classname="githubPractice.GitPracticepract" name="practice" time="0.035"/>
  <system-out/>
</testsuite> <!-- githubPractice.GitPracticepract -->
